

Microchip Technology PIC18 LITE Macro Assembler V1.38 build -256452561 
                                                                                               Wed Oct 26 11:32:37 2016

Microchip Technology Omniscient Code Generator v1.38 (Free mode) build 201607010351
     1                           	processor	18F25K22
     2                           	fnconf	rparam,??,?,0
     3                           	opt	pw 120
     4                           	opt	lm
     5                           	psect	cinit,global,reloc=2,class=CODE,delta=1
     6                           	psect	bssCOMRAM,global,class=COMRAM,space=1,delta=1
     7                           	psect	cstackCOMRAM,global,class=COMRAM,space=1,delta=1
     8                           	psect	text0,global,reloc=2,class=CODE,delta=1
     9                           	psect	text1,global,reloc=2,class=CODE,delta=1
    10                           	psect	text2,global,reloc=2,class=CODE,delta=1
    11                           	psect	intcodelo,global,reloc=2,class=CODE,delta=1
    12                           	psect	intcode,global,reloc=2,class=CODE,delta=1
    13                           	psect	intcode_body,global,reloc=2,class=CODE,delta=1
    14                           	psect	intsave_regs,global,class=BIGRAM,space=1,delta=1
    15                           	psect	rparam,global,class=COMRAM,space=1,delta=1
    16                           	psect	temp,global,ovrld,common,class=COMRAM,space=1,delta=1
    17  0000                     _PORTA	set	3968
    18  0000                     _PORTB	set	3969
    19  0000                     _PORTC	set	3970
    20  0000                     _TRISA	set	3986
    21  0000                     _TRISB	set	3987
    22  0000                     _TRISC	set	3988
    23                           
    24                           ; #config settings
    25                           
    26                           	psect	cinit
    27  000226                     __pcinit:
    28                           	opt stack 0
    29  000226                     start_initialization:
    30                           	opt stack 0
    31  000226                     __initialization:
    32                           	opt stack 0
    33                           
    34                           ; Clear objects allocated to COMRAM (3 bytes)
    35  000226  6A29               	clrf	(__pbssCOMRAM+2)& (0+255),c
    36  000228  6A28               	clrf	(__pbssCOMRAM+1)& (0+255),c
    37  00022A  6A27               	clrf	__pbssCOMRAM& (0+255),c
    38  00022C                     end_of_initialization:
    39                           	opt stack 0
    40  00022C                     __end_of__initialization:
    41                           	opt stack 0
    42  00022C  902A               	bcf	int$flags,0,c	;clear compiler interrupt flag (level 1)
    43  00022E  922A               	bcf	int$flags,1,c	;clear compiler interrupt flag (level 2)
    44  000230  0100               	movlb	0
    45  000232  EFD8  F000         	goto	_main	;jump to C main() function
    46                           
    47                           	psect	bssCOMRAM
    48  000027                     __pbssCOMRAM:
    49                           	opt stack 0
    50  000027                     _PORTA_shadow:
    51                           	opt stack 0
    52  000027                     	ds	1
    53  000028                     _PORTB_shadow:
    54                           	opt stack 0
    55  000028                     	ds	1
    56  000029                     _PORTC_shadow:
    57                           	opt stack 0
    58  000029                     	ds	1
    59                           
    60                           	psect	cstackCOMRAM
    61  000001                     __pcstackCOMRAM:
    62                           	opt stack 0
    63  000001                     ??_high_isr:
    64  000001                     
    65                           ; 1 bytes @ 0x0
    66  000001                     	ds	14
    67  00000F                     ??_low_isr:
    68                           
    69                           ; 1 bytes @ 0xE
    70  00000F                     	ds	17
    71  000020                     delay@s:
    72                           	opt stack 0
    73                           
    74                           ; 2 bytes @ 0x1F
    75  000020                     	ds	2
    76  000022                     ??_delay:
    77                           
    78                           ; 1 bytes @ 0x21
    79  000022                     	ds	1
    80  000023                     delay@a:
    81                           	opt stack 0
    82                           
    83                           ; 2 bytes @ 0x22
    84  000023                     	ds	2
    85  000025                     delay@i:
    86                           	opt stack 0
    87                           
    88                           ; 2 bytes @ 0x24
    89  000025                     	ds	2
    90  000027                     
    91                           ; 1 bytes @ 0x26
    92 ;;
    93 ;;Main: autosize = 0, tempsize = 0, incstack = 0, save=0
    94 ;;
    95 ;; *************** function _main *****************
    96 ;; Defined at:
    97 ;;		line 41 in file "main.c"
    98 ;; Parameters:    Size  Location     Type
    99 ;;		None
   100 ;; Auto vars:     Size  Location     Type
   101 ;;		None
   102 ;; Return value:  Size  Location     Type
   103 ;;                  1    wreg      void 
   104 ;; Registers used:
   105 ;;		wreg, status,2, status,0, cstack
   106 ;; Tracked objects:
   107 ;;		On entry : 0/0
   108 ;;		On exit  : 0/0
   109 ;;		Unchanged: 0/0
   110 ;; Data sizes:     COMRAM   BANK0   BANK1   BANK2   BANK3   BANK4   BANK5
   111 ;;      Params:         0       0       0       0       0       0       0
   112 ;;      Locals:         0       0       0       0       0       0       0
   113 ;;      Temps:          0       0       0       0       0       0       0
   114 ;;      Totals:         0       0       0       0       0       0       0
   115 ;;Total ram usage:        0 bytes
   116 ;; Hardware stack levels required when called:    4
   117 ;; This function calls:
   118 ;;		_delay
   119 ;;		_test_shift_register
   120 ;; This function is called by:
   121 ;;		Startup code after reset
   122 ;; This function uses a non-reentrant model
   123 ;;
   124                           
   125                           	psect	text0
   126  0001B0                     __ptext0:
   127                           	opt stack 0
   128  0001B0                     _main:
   129                           	opt stack 27
   130                           
   131                           ;main.c: 43: TRISB = 0;
   132                           
   133                           ;incstack = 0
   134  0001B0  0E00               	movlw	0
   135  0001B2  6E93               	movwf	3987,c	;volatile
   136                           
   137                           ;main.c: 44: TRISC = 0;
   138  0001B4  0E00               	movlw	0
   139  0001B6  6E94               	movwf	3988,c	;volatile
   140                           
   141                           ;main.c: 45: TRISA = 0;
   142  0001B8  0E00               	movlw	0
   143  0001BA  6E92               	movwf	3986,c	;volatile
   144                           
   145                           ;main.c: 47: PORTA_shadow = 0x00;
   146  0001BC  0E00               	movlw	0
   147  0001BE  6E27               	movwf	_PORTA_shadow,c
   148                           
   149                           ;main.c: 48: PORTB_shadow = 0x00;
   150  0001C0  0E00               	movlw	0
   151  0001C2  6E28               	movwf	_PORTB_shadow,c
   152                           
   153                           ;main.c: 49: PORTC_shadow = 0x00;
   154  0001C4  0E00               	movlw	0
   155  0001C6  6E29               	movwf	_PORTC_shadow,c
   156                           
   157                           ;main.c: 50: PORTA = PORTA_shadow;
   158  0001C8  C027  FF80         	movff	_PORTA_shadow,3968	;volatile
   159                           
   160                           ;main.c: 51: PORTB = PORTB_shadow;
   161  0001CC  C028  FF81         	movff	_PORTB_shadow,3969	;volatile
   162                           
   163                           ;main.c: 52: PORTC = PORTC_shadow;
   164  0001D0  C029  FF82         	movff	_PORTC_shadow,3970	;volatile
   165                           
   166                           ;main.c: 54: PORTA = 0xFF;
   167  0001D4  6880               	setf	3968,c	;volatile
   168  0001D6                     l789:
   169                           
   170                           ;main.c: 57: PORTA = 0xFF;
   171  0001D6  6880               	setf	3968,c	;volatile
   172                           
   173                           ;main.c: 58: delay(1000);
   174  0001D8  0E03               	movlw	3
   175  0001DA  6E21               	movwf	delay@s+1,c
   176  0001DC  0EE8               	movlw	232
   177  0001DE  6E20               	movwf	delay@s,c
   178  0001E0  ECFB  F000         	call	_delay	;wreg free
   179                           
   180                           ;main.c: 59: PORTA= 0x00;
   181  0001E4  0E00               	movlw	0
   182  0001E6  6E80               	movwf	3968,c	;volatile
   183                           
   184                           ;main.c: 60: delay(1000);
   185  0001E8  0E03               	movlw	3
   186  0001EA  6E21               	movwf	delay@s+1,c
   187  0001EC  0EE8               	movlw	232
   188  0001EE  6E20               	movwf	delay@s,c
   189  0001F0  ECFB  F000         	call	_delay	;wreg free
   190  0001F4  D7F0               	goto	l789
   191  0001F6                     __end_of_main:
   192                           	opt stack 0
   193                           
   194 ;; *************** function _test_shift_register *****************
   195 ;; Defined at:
   196 ;;		line 154 in file "main.c"
   197 ;; Parameters:    Size  Location     Type
   198 ;;		None
   199 ;; Auto vars:     Size  Location     Type
   200 ;;		None
   201 ;; Return value:  Size  Location     Type
   202 ;;                  1    wreg      void 
   203 ;; Registers used:
   204 ;;		wreg, status,2, status,0, cstack
   205 ;; Tracked objects:
   206 ;;		On entry : 0/0
   207 ;;		On exit  : 0/0
   208 ;;		Unchanged: 0/0
   209 ;; Data sizes:     COMRAM   BANK0   BANK1   BANK2   BANK3   BANK4   BANK5
   210 ;;      Params:         0       0       0       0       0       0       0
   211 ;;      Locals:         0       0       0       0       0       0       0
   212 ;;      Temps:          0       0       0       0       0       0       0
   213 ;;      Totals:         0       0       0       0       0       0       0
   214 ;;Total ram usage:        0 bytes
   215 ;; Hardware stack levels used:    1
   216 ;; Hardware stack levels required when called:    3
   217 ;; This function calls:
   218 ;;		_delay
   219 ;; This function is called by:
   220 ;;		_main
   221 ;; This function uses a non-reentrant model
   222 ;;
   223                           
   224                           	psect	text1
   225  0000AA                     __ptext1:
   226                           	opt stack 0
   227  0000AA                     _test_shift_register:
   228                           	opt stack 27
   229                           
   230                           ;main.c: 161: PORTC_shadow = PORTC_shadow & ~(1 << 7);
   231                           
   232                           ;incstack = 0
   233  0000AA  5029               	movf	_PORTC_shadow,w,c
   234  0000AC  0B7F               	andlw	127
   235  0000AE  6E29               	movwf	_PORTC_shadow,c
   236                           
   237                           ;main.c: 162: PORTC = PORTC_shadow;
   238  0000B0  C029  FF82         	movff	_PORTC_shadow,3970	;volatile
   239                           
   240                           ;main.c: 163: delay(100);
   241  0000B4  0E00               	movlw	0
   242  0000B6  6E21               	movwf	delay@s+1,c
   243  0000B8  0E64               	movlw	100
   244  0000BA  6E20               	movwf	delay@s,c
   245  0000BC  ECFB  F000         	call	_delay	;wreg free
   246                           
   247                           ;main.c: 164: PORTC_shadow = PORTC_shadow | (1 << 7);
   248  0000C0  5029               	movf	_PORTC_shadow,w,c
   249  0000C2  0980               	iorlw	128
   250  0000C4  6E29               	movwf	_PORTC_shadow,c
   251                           
   252                           ;main.c: 165: PORTC = PORTC_shadow;
   253  0000C6  C029  FF82         	movff	_PORTC_shadow,3970	;volatile
   254                           
   255                           ;main.c: 166: delay(100);
   256  0000CA  0E00               	movlw	0
   257  0000CC  6E21               	movwf	delay@s+1,c
   258  0000CE  0E64               	movlw	100
   259  0000D0  6E20               	movwf	delay@s,c
   260  0000D2  ECFB  F000         	call	_delay	;wreg free
   261  0000D6                     l755:
   262                           
   263                           ;main.c: 171: PORTC_shadow = PORTC_shadow | (1 << 6);
   264  0000D6  5029               	movf	_PORTC_shadow,w,c
   265  0000D8  0940               	iorlw	64
   266  0000DA  6E29               	movwf	_PORTC_shadow,c
   267                           
   268                           ;main.c: 172: PORTC = PORTC_shadow;
   269  0000DC  C029  FF82         	movff	_PORTC_shadow,3970	;volatile
   270                           
   271                           ;main.c: 174: PORTC_shadow = PORTC_shadow | (1 << 5);
   272  0000E0  5029               	movf	_PORTC_shadow,w,c
   273  0000E2  0920               	iorlw	32
   274  0000E4  6E29               	movwf	_PORTC_shadow,c
   275                           
   276                           ;main.c: 175: PORTC = PORTC_shadow;
   277  0000E6  C029  FF82         	movff	_PORTC_shadow,3970	;volatile
   278                           
   279                           ;main.c: 176: delay(1000);
   280  0000EA  0E03               	movlw	3
   281  0000EC  6E21               	movwf	delay@s+1,c
   282  0000EE  0EE8               	movlw	232
   283  0000F0  6E20               	movwf	delay@s,c
   284  0000F2  ECFB  F000         	call	_delay	;wreg free
   285                           
   286                           ;main.c: 177: PORTC_shadow = PORTC_shadow & ~(1 << 5);
   287  0000F6  5029               	movf	_PORTC_shadow,w,c
   288  0000F8  0BDF               	andlw	223
   289  0000FA  6E29               	movwf	_PORTC_shadow,c
   290                           
   291                           ;main.c: 178: PORTC = PORTC_shadow;
   292  0000FC  C029  FF82         	movff	_PORTC_shadow,3970	;volatile
   293                           
   294                           ;main.c: 179: delay(1000);
   295  000100  0E03               	movlw	3
   296  000102  6E21               	movwf	delay@s+1,c
   297  000104  0EE8               	movlw	232
   298  000106  6E20               	movwf	delay@s,c
   299  000108  ECFB  F000         	call	_delay	;wreg free
   300                           
   301                           ;main.c: 182: PORTC_shadow = PORTC_shadow & ~(1 << 6);
   302  00010C  5029               	movf	_PORTC_shadow,w,c
   303  00010E  0BBF               	andlw	191
   304  000110  6E29               	movwf	_PORTC_shadow,c
   305                           
   306                           ;main.c: 183: PORTC = PORTC_shadow;
   307  000112  C029  FF82         	movff	_PORTC_shadow,3970	;volatile
   308                           
   309                           ;main.c: 185: PORTC_shadow = PORTC_shadow | (1 << 5);
   310  000116  5029               	movf	_PORTC_shadow,w,c
   311  000118  0920               	iorlw	32
   312  00011A  6E29               	movwf	_PORTC_shadow,c
   313                           
   314                           ;main.c: 186: PORTC = PORTC_shadow;
   315  00011C  C029  FF82         	movff	_PORTC_shadow,3970	;volatile
   316                           
   317                           ;main.c: 187: delay(1000);
   318  000120  0E03               	movlw	3
   319  000122  6E21               	movwf	delay@s+1,c
   320  000124  0EE8               	movlw	232
   321  000126  6E20               	movwf	delay@s,c
   322  000128  ECFB  F000         	call	_delay	;wreg free
   323                           
   324                           ;main.c: 188: PORTC_shadow = PORTC_shadow & ~(1 << 5);
   325  00012C  5029               	movf	_PORTC_shadow,w,c
   326  00012E  0BDF               	andlw	223
   327  000130  6E29               	movwf	_PORTC_shadow,c
   328                           
   329                           ;main.c: 189: PORTC = PORTC_shadow;
   330  000132  C029  FF82         	movff	_PORTC_shadow,3970	;volatile
   331                           
   332                           ;main.c: 190: delay(1000);
   333  000136  0E03               	movlw	3
   334  000138  6E21               	movwf	delay@s+1,c
   335  00013A  0EE8               	movlw	232
   336  00013C  6E20               	movwf	delay@s,c
   337  00013E  ECFB  F000         	call	_delay	;wreg free
   338  000142  D7C9               	goto	l755
   339  000144                     __end_of_test_shift_register:
   340                           	opt stack 0
   341                           
   342 ;; *************** function _delay *****************
   343 ;; Defined at:
   344 ;;		line 100 in file "main.c"
   345 ;; Parameters:    Size  Location     Type
   346 ;;  s               2   31[COMRAM] int 
   347 ;; Auto vars:     Size  Location     Type
   348 ;;  i               2   36[COMRAM] int 
   349 ;;  a               2   34[COMRAM] int 
   350 ;; Return value:  Size  Location     Type
   351 ;;                  1    wreg      void 
   352 ;; Registers used:
   353 ;;		wreg, status,2, status,0
   354 ;; Tracked objects:
   355 ;;		On entry : 0/0
   356 ;;		On exit  : 0/0
   357 ;;		Unchanged: 0/0
   358 ;; Data sizes:     COMRAM   BANK0   BANK1   BANK2   BANK3   BANK4   BANK5
   359 ;;      Params:         2       0       0       0       0       0       0
   360 ;;      Locals:         4       0       0       0       0       0       0
   361 ;;      Temps:          1       0       0       0       0       0       0
   362 ;;      Totals:         7       0       0       0       0       0       0
   363 ;;Total ram usage:        7 bytes
   364 ;; Hardware stack levels used:    1
   365 ;; Hardware stack levels required when called:    2
   366 ;; This function calls:
   367 ;;		Nothing
   368 ;; This function is called by:
   369 ;;		_main
   370 ;;		_test_shift_register
   371 ;;		_reset_counter
   372 ;; This function uses a non-reentrant model
   373 ;;
   374                           
   375                           	psect	text2
   376  0001F6                     __ptext2:
   377                           	opt stack 0
   378  0001F6                     _delay:
   379                           	opt stack 27
   380                           
   381                           ;main.c: 101: int a = 0;
   382                           
   383                           ;incstack = 0
   384  0001F6  0E00               	movlw	0
   385  0001F8  6E24               	movwf	delay@a+1,c
   386  0001FA  0E00               	movlw	0
   387  0001FC  6E23               	movwf	delay@a,c
   388                           
   389                           ;main.c: 102: int i;
   390                           ;main.c: 103: for (i = 0; i < s; i++) {
   391  0001FE  0E00               	movlw	0
   392  000200  6E26               	movwf	delay@i+1,c
   393  000202  0E00               	movlw	0
   394  000204  6E25               	movwf	delay@i,c
   395  000206  D004               	goto	l743
   396  000208                     l741:
   397                           
   398                           ;main.c: 104: a++;
   399  000208  4A23               	infsnz	delay@a,f,c
   400  00020A  2A24               	incf	delay@a+1,f,c
   401  00020C  4A25               	infsnz	delay@i,f,c
   402  00020E  2A26               	incf	delay@i+1,f,c
   403  000210                     l743:
   404  000210  5020               	movf	delay@s,w,c
   405  000212  5C25               	subwf	delay@i,w,c
   406  000214  5026               	movf	delay@i+1,w,c
   407  000216  0A80               	xorlw	128
   408  000218  6E22               	movwf	??_delay& (0+255),c
   409  00021A  5021               	movf	delay@s+1,w,c
   410  00021C  0A80               	xorlw	128
   411  00021E  5822               	subwfb	??_delay& (0+255),w,c
   412  000220  B0D8               	btfsc	status,0,c
   413  000222  0012               	return	
   414  000224  D7F1               	goto	l741
   415  000226                     __end_of_delay:
   416                           	opt stack 0
   417                           status	equ	0xFD8
   418                           
   419 ;; *************** function _low_isr *****************
   420 ;; Defined at:
   421 ;;		line 67 in file "interrupts.c"
   422 ;; Parameters:    Size  Location     Type
   423 ;;		None
   424 ;; Auto vars:     Size  Location     Type
   425 ;;		None
   426 ;; Return value:  Size  Location     Type
   427 ;;                  1    wreg      void 
   428 ;; Registers used:
   429 ;;		None
   430 ;; Tracked objects:
   431 ;;		On entry : 0/0
   432 ;;		On exit  : 0/0
   433 ;;		Unchanged: 0/0
   434 ;; Data sizes:     COMRAM   BANK0   BANK1   BANK2   BANK3   BANK4   BANK5
   435 ;;      Params:         0       0       0       0       0       0       0
   436 ;;      Locals:         0       0       0       0       0       0       0
   437 ;;      Temps:         17       0       0       0       0       0       0
   438 ;;      Totals:        17       0       0       0       0       0       0
   439 ;;Total ram usage:       17 bytes
   440 ;; Hardware stack levels used:    1
   441 ;; Hardware stack levels required when called:    1
   442 ;; This function calls:
   443 ;;		Nothing
   444 ;; This function is called by:
   445 ;;		Interrupt level 1
   446 ;; This function uses a non-reentrant model
   447 ;;
   448                           
   449                           	psect	intcodelo
   450  000018                     __pintcodelo:
   451                           	opt stack 0
   452  000018                     _low_isr:
   453                           	opt stack 27
   454                           
   455                           ;incstack = 0
   456  000018  802A               	bsf	btemp,0,c	;set compiler interrupt flag (level 1)
   457  00001A  CFD8 F00F          	movff	status,??_low_isr
   458  00001E  CFE8 F010          	movff	wreg,??_low_isr+1
   459  000022  CFE0 F011          	movff	bsr,??_low_isr+2
   460  000026  CFFA F012          	movff	pclath,??_low_isr+3
   461  00002A  CFFB F013          	movff	pclatu,??_low_isr+4
   462  00002E  CFE9 F014          	movff	fsr0l,??_low_isr+5
   463  000032  CFEA F015          	movff	fsr0h,??_low_isr+6
   464  000036  CFE1 F016          	movff	fsr1l,??_low_isr+7
   465  00003A  CFE2 F017          	movff	fsr1h,??_low_isr+8
   466  00003E  CFD9 F018          	movff	fsr2l,??_low_isr+9
   467  000042  CFDA F019          	movff	fsr2h,??_low_isr+10
   468  000046  CFF3 F01A          	movff	prodl,??_low_isr+11
   469  00004A  CFF4 F01B          	movff	prodh,??_low_isr+12
   470  00004E  CFF6 F01C          	movff	tblptrl,??_low_isr+13
   471  000052  CFF7 F01D          	movff	tblptrh,??_low_isr+14
   472  000056  CFF8 F01E          	movff	tblptru,??_low_isr+15
   473  00005A  CFF5 F01F          	movff	tablat,??_low_isr+16
   474  00005E  C01F  FFF5         	movff	??_low_isr+16,tablat
   475  000062  C01E  FFF8         	movff	??_low_isr+15,tblptru
   476  000066  C01D  FFF7         	movff	??_low_isr+14,tblptrh
   477  00006A  C01C  FFF6         	movff	??_low_isr+13,tblptrl
   478  00006E  C01B  FFF4         	movff	??_low_isr+12,prodh
   479  000072  C01A  FFF3         	movff	??_low_isr+11,prodl
   480  000076  C019  FFDA         	movff	??_low_isr+10,fsr2h
   481  00007A  C018  FFD9         	movff	??_low_isr+9,fsr2l
   482  00007E  C017  FFE2         	movff	??_low_isr+8,fsr1h
   483  000082  C016  FFE1         	movff	??_low_isr+7,fsr1l
   484  000086  C015  FFEA         	movff	??_low_isr+6,fsr0h
   485  00008A  C014  FFE9         	movff	??_low_isr+5,fsr0l
   486  00008E  C013  FFFB         	movff	??_low_isr+4,pclatu
   487  000092  C012  FFFA         	movff	??_low_isr+3,pclath
   488  000096  C011  FFE0         	movff	??_low_isr+2,bsr
   489  00009A  C010  FFE8         	movff	??_low_isr+1,wreg
   490  00009E  C00F  FFD8         	movff	??_low_isr,status
   491  0000A2  902A               	bcf	btemp,0,c	;clear compiler interrupt flag (level 1)
   492  0000A4  0010               	retfie	
   493  0000A6                     __end_of_low_isr:
   494                           	opt stack 0
   495                           pclatu	equ	0xFFB
   496                           pclath	equ	0xFFA
   497                           tblptru	equ	0xFF8
   498                           tblptrh	equ	0xFF7
   499                           tblptrl	equ	0xFF6
   500                           tablat	equ	0xFF5
   501                           prodh	equ	0xFF4
   502                           prodl	equ	0xFF3
   503                           fsr0h	equ	0xFEA
   504                           fsr0l	equ	0xFE9
   505                           wreg	equ	0xFE8
   506                           fsr1h	equ	0xFE2
   507                           fsr1l	equ	0xFE1
   508                           bsr	equ	0xFE0
   509                           fsr2h	equ	0xFDA
   510                           fsr2l	equ	0xFD9
   511                           status	equ	0xFD8
   512                           
   513 ;; *************** function _high_isr *****************
   514 ;; Defined at:
   515 ;;		line 27 in file "interrupts.c"
   516 ;; Parameters:    Size  Location     Type
   517 ;;		None
   518 ;; Auto vars:     Size  Location     Type
   519 ;;		None
   520 ;; Return value:  Size  Location     Type
   521 ;;                  1    wreg      void 
   522 ;; Registers used:
   523 ;;		None
   524 ;; Tracked objects:
   525 ;;		On entry : 0/0
   526 ;;		On exit  : 0/0
   527 ;;		Unchanged: 0/0
   528 ;; Data sizes:     COMRAM   BANK0   BANK1   BANK2   BANK3   BANK4   BANK5
   529 ;;      Params:         0       0       0       0       0       0       0
   530 ;;      Locals:         0       0       0       0       0       0       0
   531 ;;      Temps:         14       0       0       0       0       0       0
   532 ;;      Totals:        14       0       0       0       0       0       0
   533 ;;Total ram usage:       14 bytes
   534 ;; Hardware stack levels used:    1
   535 ;; This function calls:
   536 ;;		Nothing
   537 ;; This function is called by:
   538 ;;		Interrupt level 2
   539 ;; This function uses a non-reentrant model
   540 ;;
   541                           
   542                           	psect	intcode
   543  000008                     __pintcode:
   544                           	opt stack 0
   545  000008                     _high_isr:
   546                           	opt stack 27
   547                           
   548                           ;incstack = 0
   549  000008  822A               	bsf	btemp,1,c	;set compiler interrupt flag (level 2)
   550  00000A  CFFA F001          	movff	pclath,??_high_isr
   551  00000E  CFFB F002          	movff	pclatu,??_high_isr+1
   552  000012  EFA2  F000         	goto	int_func
   553                           pclatu	equ	0xFFB
   554                           pclath	equ	0xFFA
   555                           tblptru	equ	0xFF8
   556                           tblptrh	equ	0xFF7
   557                           tblptrl	equ	0xFF6
   558                           tablat	equ	0xFF5
   559                           prodh	equ	0xFF4
   560                           prodl	equ	0xFF3
   561                           fsr0h	equ	0xFEA
   562                           fsr0l	equ	0xFE9
   563                           wreg	equ	0xFE8
   564                           fsr1h	equ	0xFE2
   565                           fsr1l	equ	0xFE1
   566                           bsr	equ	0xFE0
   567                           fsr2h	equ	0xFDA
   568                           fsr2l	equ	0xFD9
   569                           status	equ	0xFD8
   570                           
   571                           	psect	intcode_body
   572  000144                     __pintcode_body:
   573                           	opt stack 27
   574  000144                     int_func:
   575                           	opt stack 27
   576  000144  CFE9 F003          	movff	fsr0l,??_high_isr+2
   577  000148  CFEA F004          	movff	fsr0h,??_high_isr+3
   578  00014C  CFE1 F005          	movff	fsr1l,??_high_isr+4
   579  000150  CFE2 F006          	movff	fsr1h,??_high_isr+5
   580  000154  CFD9 F007          	movff	fsr2l,??_high_isr+6
   581  000158  CFDA F008          	movff	fsr2h,??_high_isr+7
   582  00015C  CFF3 F009          	movff	prodl,??_high_isr+8
   583  000160  CFF4 F00A          	movff	prodh,??_high_isr+9
   584  000164  CFF6 F00B          	movff	tblptrl,??_high_isr+10
   585  000168  CFF7 F00C          	movff	tblptrh,??_high_isr+11
   586  00016C  CFF8 F00D          	movff	tblptru,??_high_isr+12
   587  000170  CFF5 F00E          	movff	tablat,??_high_isr+13
   588  000174  C00E  FFF5         	movff	??_high_isr+13,tablat
   589  000178  C00D  FFF8         	movff	??_high_isr+12,tblptru
   590  00017C  C00C  FFF7         	movff	??_high_isr+11,tblptrh
   591  000180  C00B  FFF6         	movff	??_high_isr+10,tblptrl
   592  000184  C00A  FFF4         	movff	??_high_isr+9,prodh
   593  000188  C009  FFF3         	movff	??_high_isr+8,prodl
   594  00018C  C008  FFDA         	movff	??_high_isr+7,fsr2h
   595  000190  C007  FFD9         	movff	??_high_isr+6,fsr2l
   596  000194  C006  FFE2         	movff	??_high_isr+5,fsr1h
   597  000198  C005  FFE1         	movff	??_high_isr+4,fsr1l
   598  00019C  C004  FFEA         	movff	??_high_isr+3,fsr0h
   599  0001A0  C003  FFE9         	movff	??_high_isr+2,fsr0l
   600  0001A4  C002  FFFB         	movff	??_high_isr+1,pclatu
   601  0001A8  C001  FFFA         	movff	??_high_isr,pclath
   602  0001AC  922A               	bcf	btemp,1,c	;clear compiler interrupt flag (level 2)
   603  0001AE  0011               	retfie		f
   604  0001B0                     __end_of_high_isr:
   605                           	opt stack 0
   606  0000                     pclatu	equ	0xFFB
   607                           pclath	equ	0xFFA
   608                           tblptru	equ	0xFF8
   609                           tblptrh	equ	0xFF7
   610                           tblptrl	equ	0xFF6
   611                           tablat	equ	0xFF5
   612                           prodh	equ	0xFF4
   613                           prodl	equ	0xFF3
   614                           fsr0h	equ	0xFEA
   615                           fsr0l	equ	0xFE9
   616                           wreg	equ	0xFE8
   617                           fsr1h	equ	0xFE2
   618                           fsr1l	equ	0xFE1
   619                           bsr	equ	0xFE0
   620                           fsr2h	equ	0xFDA
   621                           fsr2l	equ	0xFD9
   622                           status	equ	0xFD8
   623                           pclatu	equ	0xFFB
   624                           pclath	equ	0xFFA
   625                           tblptru	equ	0xFF8
   626                           tblptrh	equ	0xFF7
   627                           tblptrl	equ	0xFF6
   628                           tablat	equ	0xFF5
   629                           prodh	equ	0xFF4
   630                           prodl	equ	0xFF3
   631                           fsr0h	equ	0xFEA
   632                           fsr0l	equ	0xFE9
   633                           wreg	equ	0xFE8
   634                           fsr1h	equ	0xFE2
   635                           fsr1l	equ	0xFE1
   636                           bsr	equ	0xFE0
   637                           fsr2h	equ	0xFDA
   638                           fsr2l	equ	0xFD9
   639                           status	equ	0xFD8
   640                           
   641                           	psect	rparam
   642  0000                     pclatu	equ	0xFFB
   643                           pclath	equ	0xFFA
   644                           tblptru	equ	0xFF8
   645                           tblptrh	equ	0xFF7
   646                           tblptrl	equ	0xFF6
   647                           tablat	equ	0xFF5
   648                           prodh	equ	0xFF4
   649                           prodl	equ	0xFF3
   650                           fsr0h	equ	0xFEA
   651                           fsr0l	equ	0xFE9
   652                           wreg	equ	0xFE8
   653                           fsr1h	equ	0xFE2
   654                           fsr1l	equ	0xFE1
   655                           bsr	equ	0xFE0
   656                           fsr2h	equ	0xFDA
   657                           fsr2l	equ	0xFD9
   658                           status	equ	0xFD8
   659                           
   660                           	psect	temp
   661  00002A                     btemp:
   662                           	opt stack 0
   663  00002A                     	ds	1
   664  0000                     int$flags	set	btemp
   665                           pclatu	equ	0xFFB
   666                           pclath	equ	0xFFA
   667                           tblptru	equ	0xFF8
   668                           tblptrh	equ	0xFF7
   669                           tblptrl	equ	0xFF6
   670                           tablat	equ	0xFF5
   671                           prodh	equ	0xFF4
   672                           prodl	equ	0xFF3
   673                           fsr0h	equ	0xFEA
   674                           fsr0l	equ	0xFE9
   675                           wreg	equ	0xFE8
   676                           fsr1h	equ	0xFE2
   677                           fsr1l	equ	0xFE1
   678                           bsr	equ	0xFE0
   679                           fsr2h	equ	0xFDA
   680                           fsr2l	equ	0xFD9
   681                           status	equ	0xFD8


Data Sizes:
    Strings     0
    Constant    0
    Data        0
    BSS         3
    Persistent  0
    Stack       0

Auto Spaces:
    Space          Size  Autos    Used
    COMRAM           94     38      41
    BANK0           160      0       0
    BANK1           256      0       0
    BANK2           256      0       0
    BANK3           256      0       0
    BANK4           256      0       0
    BANK5           256      0       0

Pointer List with Targets:

    None.

Critical Paths under _main in COMRAM

    _main->_delay
    _test_shift_register->_delay

Critical Paths under _low_isr in COMRAM

    None.

Critical Paths under _high_isr in COMRAM

    None.

Critical Paths under _main in BANK0

    None.

Critical Paths under _low_isr in BANK0

    None.

Critical Paths under _high_isr in BANK0

    None.

Critical Paths under _main in BANK1

    None.

Critical Paths under _low_isr in BANK1

    None.

Critical Paths under _high_isr in BANK1

    None.

Critical Paths under _main in BANK2

    None.

Critical Paths under _low_isr in BANK2

    None.

Critical Paths under _high_isr in BANK2

    None.

Critical Paths under _main in BANK3

    None.

Critical Paths under _low_isr in BANK3

    None.

Critical Paths under _high_isr in BANK3

    None.

Critical Paths under _main in BANK4

    None.

Critical Paths under _low_isr in BANK4

    None.

Critical Paths under _high_isr in BANK4

    None.

Critical Paths under _main in BANK5

    None.

Critical Paths under _low_isr in BANK5

    None.

Critical Paths under _high_isr in BANK5

    None.

Call Graph Tables:

 ---------------------------------------------------------------------------------
 (Depth) Function   	        Calls       Base Space   Used Autos Params    Refs
 ---------------------------------------------------------------------------------
 (0) _main                                                 0     0      0     956
                              _delay
                _test_shift_register
 ---------------------------------------------------------------------------------
 (1) _test_shift_register                                  0     0      0     478
                              _delay
 ---------------------------------------------------------------------------------
 (2) _delay                                                7     5      2     478
                                             31 COMRAM     7     5      2
 ---------------------------------------------------------------------------------
 Estimated maximum stack depth 2
 ---------------------------------------------------------------------------------
 (Depth) Function   	        Calls       Base Space   Used Autos Params    Refs
 ---------------------------------------------------------------------------------
 (3) _low_isr                                             17    17      0       0
                                             14 COMRAM    17    17      0
 ---------------------------------------------------------------------------------
 Estimated maximum stack depth 3
 ---------------------------------------------------------------------------------
 (Depth) Function   	        Calls       Base Space   Used Autos Params    Refs
 ---------------------------------------------------------------------------------
 (4) _high_isr                                            14    14      0       0
                                              0 COMRAM    14    14      0
 ---------------------------------------------------------------------------------
 Estimated maximum stack depth 4
 ---------------------------------------------------------------------------------

 Call Graph Graphs:

 _main (ROOT)
   _delay
   _test_shift_register
     _delay

 _low_isr (ROOT)

 _high_isr (ROOT)

 Address spaces:
Name               Size   Autos  Total    Cost      Usage
BIGRAM             5FF      0       0      16        0.0%
EEDATA             100      0       0       0        0.0%
BITBANK5           100      0       0      14        0.0%
BANK5              100      0       0      15        0.0%
BITBANK4           100      0       0      12        0.0%
BANK4              100      0       0      13        0.0%
BITBANK3           100      0       0      10        0.0%
BANK3              100      0       0      11        0.0%
BITBANK2           100      0       0       7        0.0%
BANK2              100      0       0       8        0.0%
BITBANK1           100      0       0       5        0.0%
BANK1              100      0       0       6        0.0%
BITBANK0            A0      0       0       3        0.0%
BANK0               A0      0       0       4        0.0%
BITCOMRAM           5E      0       0       0        0.0%
COMRAM              5E     26      29       1       43.6%
BITSFR_1             0      0       0      40        0.0%
SFR_1                0      0       0      40        0.0%
BITSFR               0      0       0      40        0.0%
SFR                  0      0       0      40        0.0%
STACK                0      0       0       2        0.0%
NULL                 0      0       0       0        0.0%
ABS                  0      0      29       9        0.0%
DATA                 0      0      29      17        0.0%
CODE                 0      0       0       0        0.0%


Microchip Technology PIC18 Macro Assembler V1.38 build -256452561 
Symbol Table                                                                                   Wed Oct 26 11:32:37 2016

                          bsr 000FE0                           l741 0208                           l743 0210  
                         l755 00D6                           l789 01D6                           wreg 000FE8  
                        _main 01B0                          fsr0h 000FEA                          fsr1h 000FE2  
                        fsr0l 000FE9                          fsr2h 000FDA                          fsr1l 000FE1  
                        fsr2l 000FD9                          btemp 002A                          pclat 000FFA  
                        prodh 000FF4                          prodl 000FF3                          start 00A6  
                ___param_bank 000010                         ?_main 0001                         _PORTA 000F80  
                       _PORTB 000F81                         _PORTC 000F82                         _TRISA 000F92  
                       _TRISB 000F93                         _TRISC 000F94                         _delay 01F6  
             __end_of_low_isr 00A6                         tablat 000FF5                         status 000FD8  
             __initialization 0226                  __end_of_main 01F6                        ??_main 0027  
               __activetblptr 000000                        ?_delay 0020   __end_of_test_shift_register 0144  
            __end_of_high_isr 01B0                        delay@a 0023                        delay@i 0025  
                      delay@s 0020                     ??_low_isr 000F                        tblptrh 000FF7  
                      tblptrl 000FF6                        tblptru 000FF8                    __accesstop 0060  
     __end_of__initialization 022C                 ___rparam_used 000001                __pcstackCOMRAM 0001  
               __end_of_delay 0226                       ??_delay 0022                     ?_high_isr 0001  
                     __Hparam 0000                       __Lparam 0000                       __pcinit 0226  
                     __ramtop 0600                       __ptext0 01B0                       __ptext1 00AA  
                     __ptext2 01F6                       _low_isr 0018                    ??_high_isr 0001  
              __pintcode_body 0144          end_of_initialization 022C                       int_func 0144  
__size_of_test_shift_register 009A           start_initialization 0226                   __pbssCOMRAM 0027  
           __size_of_high_isr 01A8                     __pintcode 0008                   __pintcodelo 0018  
                    ?_low_isr 0001                __size_of_delay 0030           _test_shift_register 00AA  
                    __Hrparam 0000                      __Lrparam 0000          ?_test_shift_register 0001  
            __size_of_low_isr 008E                      _high_isr 0008                 __size_of_main 0046  
       ??_test_shift_register 0027                      int$flags 002A                  _PORTA_shadow 0027  
                _PORTB_shadow 0028                  _PORTC_shadow 0029                      intlevel1 0000  
                    intlevel2 0000  
